0 info it worked if it ends with ok
1 verbose cli [ '/usr/bin/nodejs', '/usr/bin/npm', 'run', 'build' ]
2 info using npm@3.10.10
3 info using node@v6.11.2
4 verbose run-script [ 'prebuild', 'build', 'postbuild' ]
5 info lifecycle regulus@0.1.0-a3~prebuild: regulus@0.1.0-a3
6 silly lifecycle regulus@0.1.0-a3~prebuild: no script for prebuild, continuing
7 info lifecycle regulus@0.1.0-a3~build: regulus@0.1.0-a3
8 verbose lifecycle regulus@0.1.0-a3~build: unsafe-perm in lifecycle true
9 verbose lifecycle regulus@0.1.0-a3~build: PATH: /usr/lib/node_modules/npm/bin/node-gyp-bin:/home/orpheus92/Desktop/regulus/regulus/node_modules/.bin:/home/orpheus92/.local/npm/bin:/home/orpheus92/Desktop/CyclusJS/pycharm-community-2017.1.4/bin:/home/orpheus92/Desktop/CyclusJS/clion-2017.2/bin:/home/orpheus92/.local/bin:/home/orpheus92/bin:/home/orpheus92/.local/bin:/usr/local/sbin:/usr/local/bin:/usr/sbin:/usr/bin:/sbin:/bin:/usr/games:/usr/local/games:/snap/bin:/usr/local/go/bin
10 verbose lifecycle regulus@0.1.0-a3~build: CWD: /home/orpheus92/Desktop/regulus/regulus
11 silly lifecycle regulus@0.1.0-a3~build: Args: [ '-c', 'tsc' ]
12 silly lifecycle regulus@0.1.0-a3~build: Returned: code: 1  signal: null
13 info lifecycle regulus@0.1.0-a3~build: Failed to exec build script
14 verbose stack Error: regulus@0.1.0-a3 build: `tsc`
14 verbose stack Exit status 1
14 verbose stack     at EventEmitter.<anonymous> (/usr/lib/node_modules/npm/lib/utils/lifecycle.js:255:16)
14 verbose stack     at emitTwo (events.js:106:13)
14 verbose stack     at EventEmitter.emit (events.js:191:7)
14 verbose stack     at ChildProcess.<anonymous> (/usr/lib/node_modules/npm/lib/utils/spawn.js:40:14)
14 verbose stack     at emitTwo (events.js:106:13)
14 verbose stack     at ChildProcess.emit (events.js:191:7)
14 verbose stack     at maybeClose (internal/child_process.js:891:16)
14 verbose stack     at Process.ChildProcess._handle.onexit (internal/child_process.js:226:5)
15 verbose pkgid regulus@0.1.0-a3
16 verbose cwd /home/orpheus92/Desktop/regulus/regulus/src
17 error Linux 4.10.0-33-generic
18 error argv "/usr/bin/nodejs" "/usr/bin/npm" "run" "build"
19 error node v6.11.2
20 error npm  v3.10.10
21 error code ELIFECYCLE
22 error regulus@0.1.0-a3 build: `tsc`
22 error Exit status 1
23 error Failed at the regulus@0.1.0-a3 build script 'tsc'.
23 error Make sure you have the latest version of node.js and npm installed.
23 error If you do, this is most likely a problem with the regulus package,
23 error not with npm itself.
23 error Tell the author that this fails on your system:
23 error     tsc
23 error You can get information on how to open an issue for this project with:
23 error     npm bugs regulus
23 error Or if that isn't available, you can get their info via:
23 error     npm owner ls regulus
23 error There is likely additional logging output above.
24 verbose exit [ 1, true ]
